# JRE version: Java(TM) SE Runtime Environment (7.0_45-b18) (build 1.7.0_45-b18)
# Java VM: Java HotSpot(TM) 64-Bit Server VM (24.45-b08 mixed mode linux-amd64 compressed oops)
Heap
 PSYoungGen      total 264192K, used 12911K [0x00000000eaa80000, 0x0000000100000000, 0x0000000100000000)
  eden space 200192K, 0% used [0x00000000eaa80000,0x00000000eaa80000,0x00000000f6e00000)
  from space 64000K, 20% used [0x00000000fc180000,0x00000000fce1bcc0,0x0000000100000000)
  to   space 74752K, 0% used [0x00000000f6e00000,0x00000000f6e00000,0x00000000fb700000)
 ParOldGen       total 320000K, used 319756K [0x00000000c0000000, 0x00000000d3880000, 0x00000000eaa80000)
  object space 320000K, 99% used [0x00000000c0000000,0x00000000d38433b8,0x00000000d3880000)
 PSPermGen       total 21504K, used 6140K [0x00000000bae00000, 0x00000000bc300000, 0x00000000c0000000)
  object space 21504K, 28% used [0x00000000bae00000,0x00000000bb3ff010,0x00000000bc300000)
GC Heap History (10 events):
Event: 114.500 GC heap after
Heap after GC invocations=15 (full 2):
 PSYoungGen      total 285696K, used 34528K [0x00000000eaa80000, 0x00000000fff80000, 0x0000000100000000)
  eden space 221696K, 0% used [0x00000000eaa80000,0x00000000eaa80000,0x00000000f8300000)
  from space 64000K, 53% used [0x00000000f8300000,0x00000000fa4b8180,0x00000000fc180000)
  to   space 63488K, 0% used [0x00000000fc180000,0x00000000fc180000,0x00000000fff80000)
 ParOldGen       total 220160K, used 193144K [0x00000000c0000000, 0x00000000cd700000, 0x00000000eaa80000)
  object space 220160K, 87% used [0x00000000c0000000,0x00000000cbc9e3a0,0x00000000cd700000)
 PSPermGen       total 21504K, used 6071K [0x00000000bae00000, 0x00000000bc300000, 0x00000000c0000000)
  object space 21504K, 28% used [0x00000000bae00000,0x00000000bb3edfc0,0x00000000bc300000)
}
Event: 114.500 GC heap before
{Heap before GC invocations=16 (full 3):
 PSYoungGen      total 285696K, used 34528K [0x00000000eaa80000, 0x00000000fff80000, 0x0000000100000000)
  eden space 221696K, 0% used [0x00000000eaa80000,0x00000000eaa80000,0x00000000f8300000)
  from space 64000K, 53% used [0x00000000f8300000,0x00000000fa4b8180,0x00000000fc180000)
  to   space 63488K, 0% used [0x00000000fc180000,0x00000000fc180000,0x00000000fff80000)
 ParOldGen       total 220160K, used 193144K [0x00000000c0000000, 0x00000000cd700000, 0x00000000eaa80000)
  object space 220160K, 87% used [0x00000000c0000000,0x00000000cbc9e3a0,0x00000000cd700000)
 PSPermGen       total 21504K, used 6071K [0x00000000bae00000, 0x00000000bc300000, 0x00000000c0000000)
  object space 21504K, 28% used [0x00000000bae00000,0x00000000bb3edfc0,0x00000000bc300000)
Event: 115.333 GC heap after
Heap after GC invocations=16 (full 3):
 PSYoungGen      total 285696K, used 6743K [0x00000000eaa80000, 0x00000000fff80000, 0x0000000100000000)
  eden space 221696K, 0% used [0x00000000eaa80000,0x00000000eaa80000,0x00000000f8300000)
  from space 64000K, 10% used [0x00000000f8300000,0x00000000f8995c38,0x00000000fc180000)
  to   space 63488K, 0% used [0x00000000fc180000,0x00000000fc180000,0x00000000fff80000)
 ParOldGen       total 320000K, used 220079K [0x00000000c0000000, 0x00000000d3880000, 0x00000000eaa80000)
  object space 320000K, 68% used [0x00000000c0000000,0x00000000cd6ebfd8,0x00000000d3880000)
 PSPermGen       total 21504K, used 6071K [0x00000000bae00000, 0x00000000bc300000, 0x00000000c0000000)
  object space 21504K, 28% used [0x00000000bae00000,0x00000000bb3ede20,0x00000000bc300000)
}
Event: 116.911 GC heap before
{Heap before GC invocations=17 (full 3):
 PSYoungGen      total 285696K, used 228439K [0x00000000eaa80000, 0x00000000fff80000, 0x0000000100000000)
  eden space 221696K, 100% used [0x00000000eaa80000,0x00000000f8300000,0x00000000f8300000)
  from space 64000K, 10% used [0x00000000f8300000,0x00000000f8995c38,0x00000000fc180000)
  to   space 63488K, 0% used [0x00000000fc180000,0x00000000fc180000,0x00000000fff80000)
 ParOldGen       total 320000K, used 220079K [0x00000000c0000000, 0x00000000d3880000, 0x00000000eaa80000)
  object space 320000K, 68% used [0x00000000c0000000,0x00000000cd6ebfd8,0x00000000d3880000)
 PSPermGen       total 21504K, used 6078K [0x00000000bae00000, 0x00000000bc300000, 0x00000000c0000000)
  object space 21504K, 28% used [0x00000000bae00000,0x00000000bb3efa30,0x00000000bc300000)
Event: 117.009 GC heap after
Heap after GC invocations=17 (full 3):
 PSYoungGen      total 285696K, used 35639K [0x00000000eaa80000, 0x00000000fff80000, 0x0000000100000000)
  eden space 222208K, 0% used [0x00000000eaa80000,0x00000000eaa80000,0x00000000f8380000)
  from space 63488K, 56% used [0x00000000fc180000,0x00000000fe44df08,0x00000000fff80000)
  to   space 63488K, 0% used [0x00000000f8380000,0x00000000f8380000,0x00000000fc180000)
 ParOldGen       total 320000K, used 225679K [0x00000000c0000000, 0x00000000d3880000, 0x00000000eaa80000)
  object space 320000K, 70% used [0x00000000c0000000,0x00000000cdc63fd8,0x00000000d3880000)
 PSPermGen       total 21504K, used 6078K [0x00000000bae00000, 0x00000000bc300000, 0x00000000c0000000)
  object space 21504K, 28% used [0x00000000bae00000,0x00000000bb3efa30,0x00000000bc300000)
}
Event: 117.395 GC heap before
{Heap before GC invocations=18 (full 3):
 PSYoungGen      total 285696K, used 257847K [0x00000000eaa80000, 0x00000000fff80000, 0x0000000100000000)
  eden space 222208K, 100% used [0x00000000eaa80000,0x00000000f8380000,0x00000000f8380000)
  from space 63488K, 56% used [0x00000000fc180000,0x00000000fe44df08,0x00000000fff80000)
  to   space 63488K, 0% used [0x00000000f8380000,0x00000000f8380000,0x00000000fc180000)
 ParOldGen       total 320000K, used 225679K [0x00000000c0000000, 0x00000000d3880000, 0x00000000eaa80000)
  object space 320000K, 70% used [0x00000000c0000000,0x00000000cdc63fd8,0x00000000d3880000)
 PSPermGen       total 21504K, used 6085K [0x00000000bae00000, 0x00000000bc300000, 0x00000000c0000000)
  object space 21504K, 28% used [0x00000000bae00000,0x00000000bb3f16f8,0x00000000bc300000)
Event: 117.459 GC heap after
Heap after GC invocations=18 (full 3):
 PSYoungGen      total 285696K, used 63469K [0x00000000eaa80000, 0x0000000100000000, 0x0000000100000000)
  eden space 222208K, 0% used [0x00000000eaa80000,0x00000000eaa80000,0x00000000f8380000)
  from space 63488K, 99% used [0x00000000f8380000,0x00000000fc17b438,0x00000000fc180000)
  to   space 64000K, 0% used [0x00000000fc180000,0x00000000fc180000,0x0000000100000000)
 ParOldGen       total 320000K, used 234609K [0x00000000c0000000, 0x00000000d3880000, 0x00000000eaa80000)
  object space 320000K, 73% used [0x00000000c0000000,0x00000000ce51c680,0x00000000d3880000)
 PSPermGen       total 21504K, used 6085K [0x00000000bae00000, 0x00000000bc300000, 0x00000000c0000000)
  object space 21504K, 28% used [0x00000000bae00000,0x00000000bb3f16f8,0x00000000bc300000)
}
Event: 119.780 GC heap before
{Heap before GC invocations=19 (full 3):
 PSYoungGen      total 285696K, used 285677K [0x00000000eaa80000, 0x0000000100000000, 0x0000000100000000)
  eden space 222208K, 100% used [0x00000000eaa80000,0x00000000f8380000,0x00000000f8380000)
  from space 63488K, 99% used [0x00000000f8380000,0x00000000fc17b438,0x00000000fc180000)
  to   space 64000K, 0% used [0x00000000fc180000,0x00000000fc180000,0x0000000100000000)
 ParOldGen       total 320000K, used 234611K [0x00000000c0000000, 0x00000000d3880000, 0x00000000eaa80000)
  object space 320000K, 73% used [0x00000000c0000000,0x00000000ce51cfb0,0x00000000d3880000)
 PSPermGen       total 21504K, used 6140K [0x00000000bae00000, 0x00000000bc300000, 0x00000000c0000000)
  object space 21504K, 28% used [0x00000000bae00000,0x00000000bb3ff190,0x00000000bc300000)
Event: 119.948 GC heap after
Heap after GC invocations=19 (full 3):
 PSYoungGen      total 264192K, used 38691K [0x00000000eaa80000, 0x0000000100000000, 0x0000000100000000)
  eden space 200192K, 0% used [0x00000000eaa80000,0x00000000eaa80000,0x00000000f6e00000)
  from space 64000K, 60% used [0x00000000fc180000,0x00000000fe748e18,0x0000000100000000)
  to   space 74752K, 0% used [0x00000000f6e00000,0x00000000f6e00000,0x00000000fb700000)
 ParOldGen       total 320000K, used 298203K [0x00000000c0000000, 0x00000000d3880000, 0x00000000eaa80000)
  object space 320000K, 93% used [0x00000000c0000000,0x00000000d2336e60,0x00000000d3880000)
 PSPermGen       total 21504K, used 6140K [0x00000000bae00000, 0x00000000bc300000, 0x00000000c0000000)
  object space 21504K, 28% used [0x00000000bae00000,0x00000000bb3ff190,0x00000000bc300000)
}
Event: 119.948 GC heap before
{Heap before GC invocations=20 (full 4):
 PSYoungGen      total 264192K, used 38691K [0x00000000eaa80000, 0x0000000100000000, 0x0000000100000000)
  eden space 200192K, 0% used [0x00000000eaa80000,0x00000000eaa80000,0x00000000f6e00000)
  from space 64000K, 60% used [0x00000000fc180000,0x00000000fe748e18,0x0000000100000000)
  to   space 74752K, 0% used [0x00000000f6e00000,0x00000000f6e00000,0x00000000fb700000)
 ParOldGen       total 320000K, used 298203K [0x00000000c0000000, 0x00000000d3880000, 0x00000000eaa80000)
  object space 320000K, 93% used [0x00000000c0000000,0x00000000d2336e60,0x00000000d3880000)
 PSPermGen       total 21504K, used 6140K [0x00000000bae00000, 0x00000000bc300000, 0x00000000c0000000)
  object space 21504K, 28% used [0x00000000bae00000,0x00000000bb3ff190,0x00000000bc300000)

